[0.087s] DEBUG:colcon:Command line arguments: ['/usr/bin/colcon', 'list', '-p', '--base-paths', '/home/kayeka/Lectures/KON414E/warthorg_ws/src', '--log-base', '/dev/null']
[0.087s] DEBUG:colcon:Parsed command line arguments: Namespace(log_base=None, log_level=None, verb_name='list', build_base='build', ignore_user_meta=False, metas=['./colcon.meta'], base_paths=['/home/kayeka/Lectures/KON414E/warthorg_ws/src', '--log-base', '/dev/null'], packages_ignore=None, packages_ignore_regex=None, paths=None, packages_up_to=None, packages_up_to_regex=None, packages_above=None, packages_above_and_dependencies=None, packages_above_depth=None, packages_select_by_dep=None, packages_skip_by_dep=None, packages_skip_up_to=None, packages_select_build_failed=False, packages_skip_build_finished=False, packages_select_test_failures=False, packages_skip_test_passed=False, packages_select=None, packages_skip=None, packages_select_regex=None, packages_skip_regex=None, packages_start=None, packages_end=None, allow_overriding=[], topological_order=False, names_only=False, paths_only=True, topological_graph=False, topological_graph_dot=False, topological_graph_density=False, topological_graph_legend=False, topological_graph_dot_cluster=False, topological_graph_dot_include_skipped=False, mixin_files=None, mixin=None, verb_parser=<colcon_mixin.mixin.mixin_argument.MixinArgumentDecorator object at 0x7c74f0a006a0>, verb_extension=<colcon_package_information.verb.list.ListVerb object at 0x7c74f0cf9c60>, main=<bound method ListVerb.main of <colcon_package_information.verb.list.ListVerb object at 0x7c74f0cf9c60>>, mixin_verb=('list',))
[0.326s] Level 1:colcon.colcon_core.package_discovery:discover_packages(colcon_meta) check parameters
[0.326s] Level 1:colcon.colcon_core.package_discovery:discover_packages(recursive) check parameters
[0.326s] Level 1:colcon.colcon_core.package_discovery:discover_packages(ignore) check parameters
[0.326s] Level 1:colcon.colcon_core.package_discovery:discover_packages(path) check parameters
[0.326s] Level 1:colcon.colcon_core.package_discovery:discover_packages(recursive) discover
[0.326s] INFO:colcon.colcon_core.package_discovery:Crawling recursively for packages in '/home/kayeka/Lectures/KON414E/warthorg_ws/src', '/home/kayeka/Lectures/KON414E/warthorg_ws/src/--log-base', '/dev/null'
[0.326s] Level 1:colcon.colcon_core.package_identification:_identify(/home/kayeka/Lectures/KON414E/warthorg_ws/src) by extensions ['ignore', 'ignore_ament_install']
[0.326s] Level 1:colcon.colcon_core.package_identification:_identify(/home/kayeka/Lectures/KON414E/warthorg_ws/src) by extension 'ignore'
[0.326s] Level 1:colcon.colcon_core.package_identification:_identify(/home/kayeka/Lectures/KON414E/warthorg_ws/src) by extension 'ignore_ament_install'
[0.326s] Level 1:colcon.colcon_core.package_identification:_identify(/home/kayeka/Lectures/KON414E/warthorg_ws/src) by extensions ['colcon_pkg']
[0.326s] Level 1:colcon.colcon_core.package_identification:_identify(/home/kayeka/Lectures/KON414E/warthorg_ws/src) by extension 'colcon_pkg'
[0.326s] Level 1:colcon.colcon_core.package_identification:_identify(/home/kayeka/Lectures/KON414E/warthorg_ws/src) by extensions ['colcon_meta']
[0.326s] Level 1:colcon.colcon_core.package_identification:_identify(/home/kayeka/Lectures/KON414E/warthorg_ws/src) by extension 'colcon_meta'
[0.326s] Level 1:colcon.colcon_core.package_identification:_identify(/home/kayeka/Lectures/KON414E/warthorg_ws/src) by extensions ['ros']
[0.326s] Level 1:colcon.colcon_core.package_identification:_identify(/home/kayeka/Lectures/KON414E/warthorg_ws/src) by extension 'ros'
[0.336s] Level 1:colcon.colcon_core.package_identification:_identify(/home/kayeka/Lectures/KON414E/warthorg_ws/src) by extensions ['cmake', 'python']
[0.336s] Level 1:colcon.colcon_core.package_identification:_identify(/home/kayeka/Lectures/KON414E/warthorg_ws/src) by extension 'cmake'
[0.336s] Level 1:colcon.colcon_core.package_identification:_identify(/home/kayeka/Lectures/KON414E/warthorg_ws/src) by extension 'python'
[0.336s] Level 1:colcon.colcon_core.package_identification:_identify(/home/kayeka/Lectures/KON414E/warthorg_ws/src) by extensions ['python_setup_py']
[0.336s] Level 1:colcon.colcon_core.package_identification:_identify(/home/kayeka/Lectures/KON414E/warthorg_ws/src) by extension 'python_setup_py'
[0.336s] Level 1:colcon.colcon_core.package_identification:_identify(/home/kayeka/Lectures/KON414E/warthorg_ws/src/log) by extensions ['ignore', 'ignore_ament_install']
[0.336s] Level 1:colcon.colcon_core.package_identification:_identify(/home/kayeka/Lectures/KON414E/warthorg_ws/src/log) by extension 'ignore'
[0.336s] Level 1:colcon.colcon_core.package_identification:_identify(/home/kayeka/Lectures/KON414E/warthorg_ws/src/log) ignored
[0.336s] Level 1:colcon.colcon_core.package_identification:_identify(/home/kayeka/Lectures/KON414E/warthorg_ws/src/warthog_control) by extensions ['ignore', 'ignore_ament_install']
[0.337s] Level 1:colcon.colcon_core.package_identification:_identify(/home/kayeka/Lectures/KON414E/warthorg_ws/src/warthog_control) by extension 'ignore'
[0.337s] Level 1:colcon.colcon_core.package_identification:_identify(/home/kayeka/Lectures/KON414E/warthorg_ws/src/warthog_control) by extension 'ignore_ament_install'
[0.337s] Level 1:colcon.colcon_core.package_identification:_identify(/home/kayeka/Lectures/KON414E/warthorg_ws/src/warthog_control) by extensions ['colcon_pkg']
[0.337s] Level 1:colcon.colcon_core.package_identification:_identify(/home/kayeka/Lectures/KON414E/warthorg_ws/src/warthog_control) by extension 'colcon_pkg'
[0.337s] Level 1:colcon.colcon_core.package_identification:_identify(/home/kayeka/Lectures/KON414E/warthorg_ws/src/warthog_control) by extensions ['colcon_meta']
[0.337s] Level 1:colcon.colcon_core.package_identification:_identify(/home/kayeka/Lectures/KON414E/warthorg_ws/src/warthog_control) by extension 'colcon_meta'
[0.337s] Level 1:colcon.colcon_core.package_identification:_identify(/home/kayeka/Lectures/KON414E/warthorg_ws/src/warthog_control) by extensions ['ros']
[0.337s] Level 1:colcon.colcon_core.package_identification:_identify(/home/kayeka/Lectures/KON414E/warthorg_ws/src/warthog_control) by extension 'ros'
[0.339s] DEBUG:colcon.colcon_core.package_identification:Package '/home/kayeka/Lectures/KON414E/warthorg_ws/src/warthog_control' with type 'ros.ament_cmake' and name 'warthog_control'
[0.339s] Level 1:colcon.colcon_core.package_identification:_identify(/home/kayeka/Lectures/KON414E/warthorg_ws/src/warthog_controller) by extensions ['ignore', 'ignore_ament_install']
[0.339s] Level 1:colcon.colcon_core.package_identification:_identify(/home/kayeka/Lectures/KON414E/warthorg_ws/src/warthog_controller) by extension 'ignore'
[0.339s] Level 1:colcon.colcon_core.package_identification:_identify(/home/kayeka/Lectures/KON414E/warthorg_ws/src/warthog_controller) by extension 'ignore_ament_install'
[0.339s] Level 1:colcon.colcon_core.package_identification:_identify(/home/kayeka/Lectures/KON414E/warthorg_ws/src/warthog_controller) by extensions ['colcon_pkg']
[0.339s] Level 1:colcon.colcon_core.package_identification:_identify(/home/kayeka/Lectures/KON414E/warthorg_ws/src/warthog_controller) by extension 'colcon_pkg'
[0.339s] Level 1:colcon.colcon_core.package_identification:_identify(/home/kayeka/Lectures/KON414E/warthorg_ws/src/warthog_controller) by extensions ['colcon_meta']
[0.339s] Level 1:colcon.colcon_core.package_identification:_identify(/home/kayeka/Lectures/KON414E/warthorg_ws/src/warthog_controller) by extension 'colcon_meta'
[0.339s] Level 1:colcon.colcon_core.package_identification:_identify(/home/kayeka/Lectures/KON414E/warthorg_ws/src/warthog_controller) by extensions ['ros']
[0.339s] Level 1:colcon.colcon_core.package_identification:_identify(/home/kayeka/Lectures/KON414E/warthorg_ws/src/warthog_controller) by extension 'ros'
[0.340s] DEBUG:colcon.colcon_core.package_identification:Package '/home/kayeka/Lectures/KON414E/warthorg_ws/src/warthog_controller' with type 'ros.ament_python' and name 'warthog_controller'
[0.340s] Level 1:colcon.colcon_core.package_identification:_identify(/home/kayeka/Lectures/KON414E/warthorg_ws/src/warthog_description) by extensions ['ignore', 'ignore_ament_install']
[0.340s] Level 1:colcon.colcon_core.package_identification:_identify(/home/kayeka/Lectures/KON414E/warthorg_ws/src/warthog_description) by extension 'ignore'
[0.340s] Level 1:colcon.colcon_core.package_identification:_identify(/home/kayeka/Lectures/KON414E/warthorg_ws/src/warthog_description) by extension 'ignore_ament_install'
[0.340s] Level 1:colcon.colcon_core.package_identification:_identify(/home/kayeka/Lectures/KON414E/warthorg_ws/src/warthog_description) by extensions ['colcon_pkg']
[0.340s] Level 1:colcon.colcon_core.package_identification:_identify(/home/kayeka/Lectures/KON414E/warthorg_ws/src/warthog_description) by extension 'colcon_pkg'
[0.340s] Level 1:colcon.colcon_core.package_identification:_identify(/home/kayeka/Lectures/KON414E/warthorg_ws/src/warthog_description) by extensions ['colcon_meta']
[0.340s] Level 1:colcon.colcon_core.package_identification:_identify(/home/kayeka/Lectures/KON414E/warthorg_ws/src/warthog_description) by extension 'colcon_meta'
[0.340s] Level 1:colcon.colcon_core.package_identification:_identify(/home/kayeka/Lectures/KON414E/warthorg_ws/src/warthog_description) by extensions ['ros']
[0.340s] Level 1:colcon.colcon_core.package_identification:_identify(/home/kayeka/Lectures/KON414E/warthorg_ws/src/warthog_description) by extension 'ros'
[0.341s] DEBUG:colcon.colcon_core.package_identification:Package '/home/kayeka/Lectures/KON414E/warthorg_ws/src/warthog_description' with type 'ros.ament_cmake' and name 'warthog_description'
[0.341s] Level 1:colcon.colcon_core.package_identification:_identify(/home/kayeka/Lectures/KON414E/warthorg_ws/src/warthog_gazebo) by extensions ['ignore', 'ignore_ament_install']
[0.341s] Level 1:colcon.colcon_core.package_identification:_identify(/home/kayeka/Lectures/KON414E/warthorg_ws/src/warthog_gazebo) by extension 'ignore'
[0.341s] Level 1:colcon.colcon_core.package_identification:_identify(/home/kayeka/Lectures/KON414E/warthorg_ws/src/warthog_gazebo) by extension 'ignore_ament_install'
[0.341s] Level 1:colcon.colcon_core.package_identification:_identify(/home/kayeka/Lectures/KON414E/warthorg_ws/src/warthog_gazebo) by extensions ['colcon_pkg']
[0.341s] Level 1:colcon.colcon_core.package_identification:_identify(/home/kayeka/Lectures/KON414E/warthorg_ws/src/warthog_gazebo) by extension 'colcon_pkg'
[0.341s] Level 1:colcon.colcon_core.package_identification:_identify(/home/kayeka/Lectures/KON414E/warthorg_ws/src/warthog_gazebo) by extensions ['colcon_meta']
[0.341s] Level 1:colcon.colcon_core.package_identification:_identify(/home/kayeka/Lectures/KON414E/warthorg_ws/src/warthog_gazebo) by extension 'colcon_meta'
[0.341s] Level 1:colcon.colcon_core.package_identification:_identify(/home/kayeka/Lectures/KON414E/warthorg_ws/src/warthog_gazebo) by extensions ['ros']
[0.341s] Level 1:colcon.colcon_core.package_identification:_identify(/home/kayeka/Lectures/KON414E/warthorg_ws/src/warthog_gazebo) by extension 'ros'
[0.342s] DEBUG:colcon.colcon_core.package_identification:Package '/home/kayeka/Lectures/KON414E/warthorg_ws/src/warthog_gazebo' with type 'ros.ament_cmake' and name 'warthog_gazebo'
[0.342s] Level 1:colcon.colcon_core.package_identification:_identify(/home/kayeka/Lectures/KON414E/warthorg_ws/src/warthog_msgs) by extensions ['ignore', 'ignore_ament_install']
[0.342s] Level 1:colcon.colcon_core.package_identification:_identify(/home/kayeka/Lectures/KON414E/warthorg_ws/src/warthog_msgs) by extension 'ignore'
[0.342s] Level 1:colcon.colcon_core.package_identification:_identify(/home/kayeka/Lectures/KON414E/warthorg_ws/src/warthog_msgs) by extension 'ignore_ament_install'
[0.342s] Level 1:colcon.colcon_core.package_identification:_identify(/home/kayeka/Lectures/KON414E/warthorg_ws/src/warthog_msgs) by extensions ['colcon_pkg']
[0.342s] Level 1:colcon.colcon_core.package_identification:_identify(/home/kayeka/Lectures/KON414E/warthorg_ws/src/warthog_msgs) by extension 'colcon_pkg'
[0.342s] Level 1:colcon.colcon_core.package_identification:_identify(/home/kayeka/Lectures/KON414E/warthorg_ws/src/warthog_msgs) by extensions ['colcon_meta']
[0.342s] Level 1:colcon.colcon_core.package_identification:_identify(/home/kayeka/Lectures/KON414E/warthorg_ws/src/warthog_msgs) by extension 'colcon_meta'
[0.342s] Level 1:colcon.colcon_core.package_identification:_identify(/home/kayeka/Lectures/KON414E/warthorg_ws/src/warthog_msgs) by extensions ['ros']
[0.342s] Level 1:colcon.colcon_core.package_identification:_identify(/home/kayeka/Lectures/KON414E/warthorg_ws/src/warthog_msgs) by extension 'ros'
[0.343s] DEBUG:colcon.colcon_core.package_identification:Package '/home/kayeka/Lectures/KON414E/warthorg_ws/src/warthog_msgs' with type 'ros.ament_cmake' and name 'warthog_msgs'
[0.343s] Level 1:colcon.colcon_core.package_discovery:discover_packages(recursive) using defaults
